<?xml version="1.0" encoding="UTF-8"?>
<testng-results ignored="0" total="1" passed="1" failed="0" skipped="0">
  <reporter-output>
  </reporter-output>
  <suite started-at="2025-08-14T23:00:49 IST" name="Default suite" finished-at="2025-08-14T23:01:00 IST" duration-ms="11308">
    <groups>
    </groups>
    <test started-at="2025-08-14T23:00:49 IST" name="Default test" finished-at="2025-08-14T23:01:00 IST" duration-ms="11308">
      <class name="pommodel.LoginTest">
        <test-method signature="login()[pri:0, instance:pommodel.LoginTest@24aed80c]" started-at="2025-08-14T23:00:49 IST" name="login" finished-at="2025-08-14T23:01:00 IST" duration-ms="11259" status="PASS">
          <reporter-output>
          </reporter-output>
        </test-method> <!-- login -->
      </class> <!-- pommodel.LoginTest -->
    </test> <!-- Default test -->
  </suite> <!-- Default suite -->
</testng-results>
